<?xml version="1.0" encoding="UTF-8" ?>
<testsuite failures="0" time="0.129" errors="0" skipped="0" tests="18" name="com.raeffray.reflection.ReflectionDataTest">
  <properties>
[...]
</properties>
  <testcase time="0.004" classname="com.raeffray.reflection.ReflectionDataTest" name="testExtractFieldsNamesCalendar"/>
  <testcase time="0.011" classname="com.raeffray.reflection.ReflectionDataTest" name="testBuildListCalendarDates"/>
  <testcase time="0.007" classname="com.raeffray.reflection.ReflectionDataTest" name="testBuildListStops"/>
  <testcase time="0.007" classname="com.raeffray.reflection.ReflectionDataTest" name="testBuildListTrips"/>
  <testcase time="0.009" classname="com.raeffray.reflection.ReflectionDataTest" name="testBuildListStopTines"/>
  <testcase time="0.007" classname="com.raeffray.reflection.ReflectionDataTest" name="testExtractFieldsNamesCalendarDates"/>
  <testcase time="0.009" classname="com.raeffray.reflection.ReflectionDataTest" name="testBuildListCalendar"/>
  <testcase time="0.008" classname="com.raeffray.reflection.ReflectionDataTest" name="testBuildListCalendarTransfers"/>
  <testcase time="0.008" classname="com.raeffray.reflection.ReflectionDataTest" name="testExtractFieldsNamesStopTimes"/>
  <testcase time="0.006" classname="com.raeffray.reflection.ReflectionDataTest" name="testBuildListAgency"/>
  <testcase time="0.009" classname="com.raeffray.reflection.ReflectionDataTest" name="testExtractFieldsNamesAgency"/>
  <testcase time="0.008" classname="com.raeffray.reflection.ReflectionDataTest" name="testExtractFieldsNamesStops"/>
  <testcase time="0.006" classname="com.raeffray.reflection.ReflectionDataTest" name="testExtractFieldsNamesTrips"/>
  <testcase time="0.007" classname="com.raeffray.reflection.ReflectionDataTest" name="testBuildListRoutes"/>
  <testcase time="0.008" classname="com.raeffray.reflection.ReflectionDataTest" name="testBuildListShapes"/>
  <testcase time="0.006" classname="com.raeffray.reflection.ReflectionDataTest" name="testExtractFieldsNamesCalendarTransfers"/>
  <testcase time="0.004" classname="com.raeffray.reflection.ReflectionDataTest" name="testExtractFieldsNamesRoutes"/>
  <testcase time="0.005" classname="com.raeffray.reflection.ReflectionDataTest" name="testExtractFieldsNamesShapes"/>
</testsuite>